Arguments: 
  /usr/bin/node /home/saby/.yarn/bin/yarn

PATH: 
  /home/saby/.local/share/umake/bin:/home/saby/bin:/home/saby/.local/bin:/home/saby/.yarn/bin:/home/saby/.config/yarn/global/node_modules/.bin:/home/saby/.yarn/bin:/home/saby/.config/yarn/global/node_modules/.bin:/home/saby/.local/share/umake/bin:/home/saby/bin:/home/saby/.local/bin:/usr/local/sbin:/usr/local/bin:/usr/sbin:/usr/bin:/sbin:/bin:/usr/games:/usr/local/games:/snap/bin

Yarn version: 
  1.6.0

Node version: 
  9.11.1

Platform: 
  linux x64

Trace: 
  SyntaxError: /home/saby/Documents/practiceFolder/dev-portfolio/package.json: Unexpected string in JSON at position 176
      at JSON.parse (<anonymous>)
      at /home/saby/.config/yarn/global/node_modules/yarn/lib/cli.js:1130:59
      at Generator.next (<anonymous>)
      at step (/home/saby/.config/yarn/global/node_modules/yarn/lib/cli.js:98:30)
      at /home/saby/.config/yarn/global/node_modules/yarn/lib/cli.js:109:13
      at <anonymous>

npm manifest: 
  {
    "name": "dev-portfolio",
    "version": "1.0.0",
    "description": "",
    "main": "index.js",
    "scripts": {
      "build":
         "../node_modules/jquery/dist/jquery.js"
         "../node_modules/fullpage.js/dist/jquery.fullpage.js"
    },
    "keywords": [],
    "author": "",
    "license": "ISC",
    "dependencies": {
      "fullpage.js": "^2.9.7"
    }
  }

yarn manifest: 
  No manifest

Lockfile: 
  # THIS IS AN AUTOGENERATED FILE. DO NOT EDIT THIS FILE DIRECTLY.
  # yarn lockfile v1
  
  
  fullpage.js@^2.9.7:
    version "2.9.7"
    resolved "https://registry.yarnpkg.com/fullpage.js/-/fullpage.js-2.9.7.tgz#65b838a76a9cc459e6474d36ba54fd18aba52f3d"
    dependencies:
      jquery ">=1.6.0"
  
  jquery@>=1.6.0:
    version "3.3.1"
    resolved "https://registry.yarnpkg.com/jquery/-/jquery-3.3.1.tgz#958ce29e81c9790f31be7792df5d4d95fc57fbca"
